2023.10.02 22:24:15 INFO  Started: Metals version 1.0.1 in folders '/Users/developer/scala-practice' for client Visual Studio Code 1.81.1.
Oct 02, 2023 10:24:15 PM org.flywaydb.core.internal.license.VersionPrinter printVersionOnly
INFO: Flyway Community Edition 9.21.2 by Redgate
Oct 02, 2023 10:24:15 PM org.flywaydb.core.internal.license.VersionPrinter printVersion
INFO: See release notes here: https://rd.gt/416ObMi
Oct 02, 2023 10:24:15 PM org.flywaydb.core.internal.license.VersionPrinter printVersion
INFO: 
Oct 02, 2023 10:24:15 PM org.flywaydb.core.FlywayExecutor execute
INFO: Database: jdbc:h2:file:/Users/developer/scala-practice/.metals/metals (H2 2.1)
Oct 02, 2023 10:24:15 PM org.flywaydb.core.internal.schemahistory.JdbcTableSchemaHistory allAppliedMigrations
INFO: Schema history table "PUBLIC"."flyway_schema_history" does not exist yet
Oct 02, 2023 10:24:15 PM org.flywaydb.core.internal.command.DbValidate validate
INFO: Successfully validated 4 migrations (execution time 00:00.022s)
Oct 02, 2023 10:24:15 PM org.flywaydb.core.internal.schemahistory.JdbcTableSchemaHistory create
INFO: Creating Schema History table "PUBLIC"."flyway_schema_history" ...
Oct 02, 2023 10:24:15 PM org.flywaydb.core.internal.command.DbMigrate migrateGroup
INFO: Current version of schema "PUBLIC": << Empty Schema >>
Oct 02, 2023 10:24:15 PM org.flywaydb.core.internal.command.DbMigrate doMigrateGroup
INFO: Migrating schema "PUBLIC" to version "1 - Create tables"
Oct 02, 2023 10:24:15 PM org.flywaydb.core.internal.command.DbMigrate doMigrateGroup
INFO: Migrating schema "PUBLIC" to version "2 - Server discovery"
Oct 02, 2023 10:24:15 PM org.flywaydb.core.internal.command.DbMigrate doMigrateGroup
INFO: Migrating schema "PUBLIC" to version "3 - Jar symbols"
Oct 02, 2023 10:24:15 PM org.flywaydb.core.internal.command.DbMigrate doMigrateGroup
INFO: Migrating schema "PUBLIC" to version "4 - Fingerprints"
Oct 02, 2023 10:24:15 PM org.flywaydb.core.internal.command.DbMigrate logSummary
INFO: Successfully applied 4 migrations to schema "PUBLIC", now at version v4 (execution time 00:00.042s)
2023.10.02 22:24:16 INFO  time: initialize in 0.94s
2023.10.02 22:24:24 WARN  scala-cli >= 0.1.3 not found in PATH, fetching and starting a JVM-based Scala CLI
2023.10.02 22:24:27 INFO  Found Java version 16. Scala CLI requires at least Java 17, getting a temurin:17 JVM via coursier-jvm.
2023.10.02 22:24:27 INFO  Running List(/Users/developer/Library/Caches/Coursier/arc/https/github.com/adoptium/temurin17-binaries/releases/download/jdk-17%252B35/OpenJDK17-jdk_x64_mac_hotspot_17_35.tar.gz/jdk-17+35/Contents/Home/bin/java, -cp, /Users/developer/Library/Caches/Coursier/v1/https/repo1.maven.org/maven2/org/virtuslab/scala-cli/cli_3/1.0.4/cli_3-1.0.4.jar:/Users/developer/Library/Caches/Coursier/v1/https/repo1.maven.org/maven2/com/github/alexarchambault/case-app_3/2.1.0-M25/case-app_3-2.1.0-M25.jar:/Users/developer/Library/Caches/Coursier/v1/https/repo1.maven.org/maven2/io/get-coursier/coursier-launcher_2.13/2.1.5/coursier-launcher_2.13-2.1.5.jar:/Users/developer/Library/Caches/Coursier/v1/https/repo1.maven.org/maven2/io/get-coursier/coursier-proxy-setup/2.1.5/coursier-proxy-setup-2.1.5.jar:/Users/developer/Library/Caches/Coursier/v1/https/repo1.maven.org/maven2/io/get-coursier/publish/publish_2.13/0.1.4/publish_2.13-0.1.4.jar:/Users/developer/Library/Caches/Coursier/v1/https/repo1.maven.org/maven2/com/google/jimfs/jimfs/1.3.0/jimfs-1.3.0.jar:/Users/developer/Library/Caches/Coursier/v1/https/repo1.maven.org/maven2/io/get-coursier/jniutils/windows-jni-utils/0.3.3/windows-jni-utils-0.3.3.jar:/Users/developer/Library/Caches/Coursier/v1/https/repo1.maven.org/maven2/com/github/plokhotnyuk/jsoniter-scala/jsoniter-scala-core_3/2.13.5.2/jsoniter-scala-core_3-2.13.5.2.jar:/Users/developer/Library/Caches/Coursier/v1/https/repo1.maven.org/maven2/org/virtuslab/scala-cli/libsodiumjni/0.0.3/libsodiumjni-0.0.3.jar:/Users/developer/Library/Caches/Coursier/v1/https/repo1.maven.org/maven2/com/geirsson/metaconfig-typesafe-config_3/0.11.1/metaconfig-typesafe-config_3-0.11.1.jar:/Users/developer/Library/Caches/Coursier/v1/https/repo1.maven.org/maven2/ai/kien/python-native-libs_3/0.2.4/python-native-libs_3-0.2.4.jar:/Users/developer/Library/Caches/Coursier/v1/https/repo1.maven.org/maven2/org/virtuslab/scala-packager_2.13/0.1.29/scala-packager_2.13-0.1.29.jar:/Users/developer/Library/Caches/Coursier/v1/https/repo1.maven.org/maven2/org/virtuslab/scala-cli-signing/cli_3/0.2.2/cli_3-0.2.2.jar:/Users/developer/Library/Caches/Coursier/v1/https/repo1.maven.org/maven2/org/slf4j/slf4j-nop/2.0.7/slf4j-nop-2.0.7.jar:/Users/developer/Library/Caches/Coursier/v1/https/repo1.maven.org/maven2/com/softwaremill/sttp/client3/core_2.13/3.8.16/core_2.13-3.8.16.jar:/Users/developer/Library/Caches/Coursier/v1/https/repo1.maven.org/maven2/org/scala-lang/scala3-library_3/3.3.0/scala3-library_3-3.3.0.jar:/Users/developer/Library/Caches/Coursier/v1/https/repo1.maven.org/maven2/org/virtuslab/scala-cli/build-module_3/1.0.4/build-module_3-1.0.4.jar:/Users/developer/Library/Caches/Coursier/v1/https/repo1.maven.org/maven2/org/virtuslab/scala-cli/config_3/1.0.4/config_3-1.0.4.jar:/Users/developer/Library/Caches/Coursier/v1/https/repo1.maven.org/maven2/org/virtuslab/scala-cli/scala3-graal_3/1.0.4/scala3-graal_3-1.0.4.jar:/Users/developer/Library/Caches/Coursier/v1/https/repo1.maven.org/maven2/org/virtuslab/scala-cli/specification-level_3/1.0.4/specification-level_3-1.0.4.jar:/Users/developer/Library/Caches/Coursier/v1/https/repo1.maven.org/maven2/com/github/alexarchambault/case-app-annotations_3/2.1.0-M25/case-app-annotations_3-2.1.0-M25.jar:/Users/developer/Library/Caches/Coursier/v1/https/repo1.maven.org/maven2/com/github/alexarchambault/case-app-util_3/2.1.0-M25/case-app-util_3-2.1.0-M25.jar:/Users/developer/Library/Caches/Coursier/v1/https/repo1.maven.org/maven2/com/lihaoyi/sourcecode_3/0.3.0/sourcecode_3-0.3.0.jar:/Users/developer/Library/Caches/Coursier/v1/https/repo1.maven.org/maven2/org/scala-lang/modules/scala-collection-compat_2.13/2.11.0/scala-collection-compat_2.13-2.11.0.jar:/Users/developer/Library/Caches/Coursier/v1/https/repo1.maven.org/maven2/io/github/alexarchambault/scala-cli/tmp/zip-input-stream/0.1.1/zip-input-stream-0.1.1.jar:/Users/developer/Library/Caches/Coursier/v1/https/repo1.maven.org/maven2/ai/kien/python-native-libs_2.13/0.2.4/python-native-libs_2.13-0.2.4.jar:/Users/developer/Library/Caches/Coursier/v1/https/repo1.maven.org/maven2/org/scala-lang/scala-library/2.13.11/scala-library-2.13.11.jar:/Users/developer/Library/Caches/Coursier/v1/https/repo1.maven.org/maven2/io/get-coursier/coursier-cache_2.13/2.1.5/coursier-cache_2.13-2.1.5.jar:/Users/developer/Library/Caches/Coursier/v1/https/repo1.maven.org/maven2/io/get-coursier/coursier-core_2.13/2.1.5/coursier-core_2.13-2.1.5.jar:/Users/developer/Library/Caches/Coursier/v1/https/repo1.maven.org/maven2/com/github/plokhotnyuk/jsoniter-scala/jsoniter-scala-core_2.13/2.13.15/jsoniter-scala-core_2.13-2.13.15.jar:/Users/developer/Library/Caches/Coursier/v1/https/repo1.maven.org/maven2/com/google/guava/guava/32.1.2-jre/guava-32.1.2-jre.jar:/Users/developer/Library/Caches/Coursier/v1/https/repo1.maven.org/maven2/net/java/dev/jna/jna/5.12.1/jna-5.12.1.jar:/Users/developer/Library/Caches/Coursier/v1/https/repo1.maven.org/maven2/net/java/dev/jna/jna-platform/5.12.1/jna-platform-5.12.1.jar:/Users/developer/Library/Caches/Coursier/v1/https/repo1.maven.org/maven2/com/geirsson/metaconfig-core_3/0.11.1/metaconfig-core_3-0.11.1.jar:/Users/developer/Library/Caches/Coursier/v1/https/repo1.maven.org/maven2/com/typesafe/config/1.4.1/config-1.4.1.jar:/Users/developer/Library/Caches/Coursier/v1/https/repo1.maven.org/maven2/org/scala-lang/modules/scala-collection-compat_3/2.11.0/scala-collection-compat_3-2.11.0.jar:/Users/developer/Library/Caches/Coursier/v1/https/repo1.maven.org/maven2/commons-io/commons-io/2.11.0/commons-io-2.11.0.jar:/Users/developer/Library/Caches/Coursier/v1/https/repo1.maven.org/maven2/com/google/cloud/tools/jib-core/0.22.0/jib-core-0.22.0.jar:/Users/developer/Library/Caches/Coursier/v1/https/repo1.maven.org/maven2/com/lihaoyi/os-lib_2.13/0.8.1/os-lib_2.13-0.8.1.jar:/Users/developer/Library/Caches/Coursier/v1/https/repo1.maven.org/maven2/org/bouncycastle/bcpg-jdk18on/1.73/bcpg-jdk18on-1.73.jar:/Users/developer/Library/Caches/Coursier/v1/https/repo1.maven.org/maven2/org/virtuslab/scala-cli-signing/shared_3/0.2.2/shared_3-0.2.2.jar:/Users/developer/Library/Caches/Coursier/v1/https/repo1.maven.org/maven2/org/slf4j/slf4j-api/2.0.7/slf4j-api-2.0.7.jar:/Users/developer/Library/Caches/Coursier/v1/https/repo1.maven.org/maven2/com/softwaremill/sttp/model/core_2.13/1.5.5/core_2.13-1.5.5.jar:/Users/developer/Library/Caches/Coursier/v1/https/repo1.maven.org/maven2/com/softwaremill/sttp/shared/core_2.13/1.3.13/core_2.13-1.3.13.jar:/Users/developer/Library/Caches/Coursier/v1/https/repo1.maven.org/maven2/com/softwaremill/sttp/shared/ws_2.13/1.3.13/ws_2.13-1.3.13.jar:/Users/developer/Library/Caches/Coursier/v1/https/repo1.maven.org/maven2/org/ow2/asm/asm/9.5/asm-9.5.jar:/Users/developer/Library/Caches/Coursier/v1/https/repo1.maven.org/maven2/io/github/alexarchambault/scala-cli/java-class-name_3/0.1.0/java-class-name_3-0.1.0.jar:/Users/developer/Library/Caches/Coursier/v1/https/repo1.maven.org/maven2/org/scalameta/trees_2.13/4.8.7/trees_2.13-4.8.7.jar:/Users/developer/Library/Caches/Coursier/v1/https/repo1.maven.org/maven2/org/scala-native/test-runner_3/0.4.14/test-runner_3-0.4.14.jar:/Users/developer/Library/Caches/Coursier/v1/https/repo1.maven.org/maven2/com/lihaoyi/os-lib_3/0.9.1/os-lib_3-0.9.1.jar:/Users/developer/Library/Caches/Coursier/v1/https/repo1.maven.org/maven2/com/lihaoyi/pprint_3/0.8.1/pprint_3-0.8.1.jar:/Users/developer/Library/Caches/Coursier/v1/https/repo1.maven.org/maven2/org/scala-js/scalajs-env-nodejs_2.13/1.4.0/scalajs-env-nodejs_2.13-1.4.0.jar:/Users/developer/Library/Caches/Coursier/v1/https/repo1.maven.org/maven2/org/scala-js/scalajs-sbt-test-adapter_2.13/1.13.2/scalajs-sbt-test-adapter_2.13-1.13.2.jar:/Users/developer/Library/Caches/Coursier/v1/https/repo1.maven.org/maven2/com/swoval/file-tree-views/2.1.10/file-tree-views-2.1.10.jar:/Users/developer/Library/Caches/Coursier/v1/https/repo1.maven.org/maven2/org/virtuslab/scala-cli/options_3/1.0.4/options_3-1.0.4.jar:/Users/developer/Library/Caches/Coursier/v1/https/repo1.maven.org/maven2/org/virtuslab/scala-cli/directives_3/1.0.4/directives_3-1.0.4.jar:/Users/developer/Library/Caches/Coursier/v1/https/repo1.maven.org/maven2/org/virtuslab/scala-cli/scala-cli-bsp/1.0.4/scala-cli-bsp-1.0.4.jar:/Users/developer/Library/Caches/Coursier/v1/https/repo1.maven.org/maven2/org/virtuslab/scala-cli/test-runner_2.13/1.0.4/test-runner_2.13-1.0.4.jar:/Users/developer/Library/Caches/Coursier/v1/https/repo1.maven.org/maven2/org/virtuslab/scala-cli/tasty-lib_3/1.0.4/tasty-lib_3-1.0.4.jar:/Users/developer/Library/Caches/Coursier/v1/https/repo1.maven.org/maven2/org/codehaus/plexus/plexus-archiver/4.7.1/plexus-archiver-4.7.1.jar:/Users/developer/Library/Caches/Coursier/v1/https/repo1.maven.org/maven2/org/codehaus/plexus/plexus-container-default/2.1.1/plexus-container-default-2.1.1.jar:/Users/developer/Library/Caches/Coursier/v1/https/repo1.maven.org/maven2/io/github/alexarchambault/windows-ansi/windows-ansi/0.0.5/windows-ansi-0.0.5.jar:/Users/developer/Library/Caches/Coursier/v1/https/repo1.maven.org/maven2/io/get-coursier/coursier-util_2.13/2.1.5/coursier-util_2.13-2.1.5.jar:/Users/developer/Library/Caches/Coursier/v1/https/repo1.maven.org/maven2/io/github/alexarchambault/concurrent-reference-hash-map/1.1.0/concurrent-reference-hash-map-1.1.0.jar:/Users/developer/Library/Caches/Coursier/v1/https/repo1.maven.org/maven2/org/scala-lang/modules/scala-xml_2.13/2.1.0/scala-xml_2.13-2.1.0.jar:/Users/developer/Library/Caches/Coursier/v1/https/repo1.maven.org/maven2/com/google/guava/failureaccess/1.0.1/failureaccess-1.0.1.jar:/Users/developer/Library/Caches/Coursier/v1/https/repo1.maven.org/maven2/com/google/guava/listenablefuture/9999.0-empty-to-avoid-conflict-with-guava/listenablefuture-9999.0-empty-to-avoid-conflict-with-guava.jar:/Users/developer/Library/Caches/Coursier/v1/https/repo1.maven.org/maven2/com/google/code/findbugs/jsr305/3.0.2/jsr305-3.0.2.jar:/Users/developer/Library/Caches/Coursier/v1/https/repo1.maven.org/maven2/org/checkerframework/checker-qual/3.33.0/checker-qual-3.33.0.jar:/Users/developer/Library/Caches/Coursier/v1/https/repo1.maven.org/maven2/com/google/errorprone/error_prone_annotations/2.18.0/error_prone_annotations-2.18.0.jar:/Users/developer/Library/Caches/Coursier/v1/https/repo1.maven.org/maven2/com/google/j2objc/j2objc-annotations/2.8/j2objc-annotations-2.8.jar:/Users/developer/Library/Caches/Coursier/v1/https/repo1.maven.org/maven2/com/geirsson/metaconfig-pprint_3/0.11.1/metaconfig-pprint_3-0.11.1.jar:/Users/developer/Library/Caches/Coursier/v1/https/repo1.maven.org/maven2/org/typelevel/paiges-core_3/0.4.2/paiges-core_3-0.4.2.jar:/Users/developer/Library/Caches/Coursier/v1/https/repo1.maven.org/maven2/org/scala-lang/scala-reflect/2.13.8/scala-reflect-2.13.8.jar:/Users/developer/Library/Caches/Coursier/v1/https/repo1.maven.org/maven2/com/google/cloud/tools/jib-build-plan/0.4.0/jib-build-plan-0.4.0.jar:/Users/developer/Library/Caches/Coursier/v1/https/repo1.maven.org/maven2/com/google/http-client/google-http-client/1.34.0/google-http-client-1.34.0.jar:/Users/developer/Library/Caches/Coursier/v1/https/repo1.maven.org/maven2/com/google/http-client/google-http-client-apache-v2/1.34.0/google-http-client-apache-v2-1.34.0.jar:/Users/developer/Library/Caches/Coursier/v1/https/repo1.maven.org/maven2/com/google/auth/google-auth-library-oauth2-http/0.18.0/google-auth-library-oauth2-http-0.18.0.jar:/Users/developer/Library/Caches/Coursier/v1/https/repo1.maven.org/maven2/org/apache/commons/commons-compress/1.23.0/commons-compress-1.23.0.jar:/Users/developer/Library/Caches/Coursier/v1/https/repo1.maven.org/maven2/com/fasterxml/jackson/core/jackson-databind/2.13.3/jackson-databind-2.13.3.jar:/Users/developer/Library/Caches/Coursier/v1/https/repo1.maven.org/maven2/com/fasterxml/jackson/datatype/jackson-datatype-jsr310/2.13.3/jackson-datatype-jsr310-2.13.3.jar:/Users/developer/Library/Caches/Coursier/v1/https/repo1.maven.org/maven2/com/lihaoyi/geny_2.13/0.7.1/geny_2.13-0.7.1.jar:/Users/developer/Library/Caches/Coursier/v1/https/repo1.maven.org/maven2/org/bouncycastle/bcprov-jdk18on/1.73/bcprov-jdk18on-1.73.jar:/Users/developer/Library/Caches/Coursier/v1/https/repo1.maven.org/maven2/org/scala-lang/scala3-compiler_3/3.1.2/scala3-compiler_3-3.1.2.jar:/Users/developer/Library/Caches/Coursier/v1/https/repo1.maven.org/maven2/org/scalameta/common_2.13/4.8.7/common_2.13-4.8.7.jar:/Users/developer/Library/Caches/Coursier/v1/https/repo1.maven.org/maven2/org/scala-native/tools_3/0.4.14/tools_3-0.4.14.jar:/Users/developer/Library/Caches/Coursier/v1/https/repo1.maven.org/maven2/org/scala-sbt/test-interface/1.0/test-interface-1.0.jar:/Users/developer/Library/Caches/Coursier/v1/https/repo1.maven.org/maven2/com/novocode/junit-interface/0.11/junit-interface-0.11.jar:/Users/developer/Library/Caches/Coursier/v1/https/repo1.maven.org/maven2/junit/junit/4.13.2/junit-4.13.2.jar:/Users/developer/Library/Caches/Coursier/v1/https/repo1.maven.org/maven2/com/lihaoyi/geny_3/1.0.0/geny_3-1.0.0.jar:/Users/developer/Library/Caches/Coursier/v1/https/repo1.maven.org/maven2/com/lihaoyi/fansi_3/0.4.0/fansi_3-0.4.0.jar:/Users/developer/Library/Caches/Coursier/v1/https/repo1.maven.org/maven2/org/scala-js/scalajs-js-envs_2.13/1.4.0/scalajs-js-envs_2.13-1.4.0.jar:/Users/developer/Library/Caches/Coursier/v1/https/repo1.maven.org/maven2/ch/epfl/scala/bloop-config_2.13/1.5.5/bloop-config_2.13-1.5.5.jar:/Users/developer/Library/Caches/Coursier/v1/https/repo1.maven.org/maven2/org/virtuslab/scala-cli/core_3/1.0.4/core_3-1.0.4.jar:/Users/developer/Library/Caches/Coursier/v1/https/repo1.maven.org/maven2/org/virtuslab/using_directives/1.1.0/using_directives-1.1.0.jar:/Users/developer/Library/Caches/Coursier/v1/https/repo1.maven.org/maven2/org/virtuslab/scala-cli/build-macros_3/1.0.4/build-macros_3-1.0.4.jar:/Users/developer/Library/Caches/Coursier/v1/https/repo1.maven.org/maven2/ch/epfl/scala/bsp4j/2.1.0-M5/bsp4j-2.1.0-M5.jar:/Users/developer/Library/Caches/Coursier/v1/https/repo1.maven.org/maven2/javax/inject/javax.inject/1/javax.inject-1.jar:/Users/developer/Library/Caches/Coursier/v1/https/repo1.maven.org/maven2/org/codehaus/plexus/plexus-utils/3.5.1/plexus-utils-3.5.1.jar:/Users/developer/Library/Caches/Coursier/v1/https/repo1.maven.org/maven2/org/codehaus/plexus/plexus-io/3.4.1/plexus-io-3.4.1.jar:/Users/developer/Library/Caches/Coursier/v1/https/repo1.maven.org/maven2/org/iq80/snappy/snappy/0.4/snappy-0.4.jar:/Users/developer/Library/Caches/Coursier/v1/https/repo1.maven.org/maven2/org/tukaani/xz/1.9/xz-1.9.jar:/Users/developer/Library/Caches/Coursier/v1/https/repo1.maven.org/maven2/com/github/luben/zstd-jni/1.5.5-2/zstd-jni-1.5.5-2.jar:/Users/developer/Library/Caches/Coursier/v1/https/repo1.maven.org/maven2/org/codehaus/plexus/plexus-classworlds/2.6.0/plexus-classworlds-2.6.0.jar:/Users/developer/Library/Caches/Coursier/v1/https/repo1.maven.org/maven2/org/apache/xbean/xbean-reflect/3.7/xbean-reflect-3.7.jar:/Users/developer/Library/Caches/Coursier/v1/https/repo1.maven.org/maven2/org/fusesource/jansi/jansi/1.18/jansi-1.18.jar:/Users/developer/Library/Caches/Coursier/v1/https/repo1.maven.org/maven2/org/apache/httpcomponents/httpclient/4.5.10/httpclient-4.5.10.jar:/Users/developer/Library/Caches/Coursier/v1/https/repo1.maven.org/maven2/org/apache/httpcomponents/httpcore/4.4.12/httpcore-4.4.12.jar:/Users/developer/Library/Caches/Coursier/v1/https/repo1.maven.org/maven2/io/opencensus/opencensus-api/0.24.0/opencensus-api-0.24.0.jar:/Users/developer/Library/Caches/Coursier/v1/https/repo1.maven.org/maven2/io/opencensus/opencensus-contrib-http-util/0.24.0/opencensus-contrib-http-util-0.24.0.jar:/Users/developer/Library/Caches/Coursier/v1/https/repo1.maven.org/maven2/com/google/auto/value/auto-value-annotations/1.6.6/auto-value-annotations-1.6.6.jar:/Users/developer/Library/Caches/Coursier/v1/https/repo1.maven.org/maven2/com/google/auth/google-auth-library-credentials/0.18.0/google-auth-library-credentials-0.18.0.jar:/Users/developer/Library/Caches/Coursier/v1/https/repo1.maven.org/maven2/com/google/http-client/google-http-client-jackson2/1.32.1/google-http-client-jackson2-1.32.1.jar:/Users/developer/Library/Caches/Coursier/v1/https/repo1.maven.org/maven2/com/fasterxml/jackson/core/jackson-annotations/2.13.3/jackson-annotations-2.13.3.jar:/Users/developer/Library/Caches/Coursier/v1/https/repo1.maven.org/maven2/com/fasterxml/jackson/core/jackson-core/2.13.3/jackson-core-2.13.3.jar:/Users/developer/Library/Caches/Coursier/v1/https/repo1.maven.org/maven2/org/scala-lang/scala3-interfaces/3.1.2/scala3-interfaces-3.1.2.jar:/Users/developer/Library/Caches/Coursier/v1/https/repo1.maven.org/maven2/org/scala-lang/tasty-core_3/3.1.2/tasty-core_3-3.1.2.jar:/Users/developer/Library/Caches/Coursier/v1/https/repo1.maven.org/maven2/org/scala-lang/modules/scala-asm/9.1.0-scala-1/scala-asm-9.1.0-scala-1.jar:/Users/developer/Library/Caches/Coursier/v1/https/repo1.maven.org/maven2/org/scala-sbt/compiler-interface/1.3.5/compiler-interface-1.3.5.jar:/Users/developer/Library/Caches/Coursier/v1/https/repo1.maven.org/maven2/org/jline/jline-reader/3.19.0/jline-reader-3.19.0.jar:/Users/developer/Library/Caches/Coursier/v1/https/repo1.maven.org/maven2/org/jline/jline-terminal/3.19.0/jline-terminal-3.19.0.jar:/Users/developer/Library/Caches/Coursier/v1/https/repo1.maven.org/maven2/org/jline/jline-terminal-jna/3.19.0/jline-terminal-jna-3.19.0.jar:/Users/developer/Library/Caches/Coursier/v1/https/repo1.maven.org/maven2/com/lihaoyi/sourcecode_2.13/0.3.0/sourcecode_2.13-0.3.0.jar:/Users/developer/Library/Caches/Coursier/v1/https/repo1.maven.org/maven2/com/thesamet/scalapb/scalapb-runtime_2.13/0.11.13/scalapb-runtime_2.13-0.11.13.jar:/Users/developer/Library/Caches/Coursier/v1/https/repo1.maven.org/maven2/org/scala-native/nir_3/0.4.14/nir_3-0.4.14.jar:/Users/developer/Library/Caches/Coursier/v1/https/repo1.maven.org/maven2/org/scala-native/util_3/0.4.14/util_3-0.4.14.jar:/Users/developer/Library/Caches/Coursier/v1/https/repo1.maven.org/maven2/org/scala-lang/modules/scala-parallel-collections_3/1.0.3/scala-parallel-collections_3-1.0.3.jar:/Users/developer/Library/Caches/Coursier/v1/https/repo1.maven.org/maven2/org/hamcrest/hamcrest-core/1.3/hamcrest-core-1.3.jar:/Users/developer/Library/Caches/Coursier/v1/https/repo1.maven.org/maven2/org/scala-js/scalajs-logging_2.13/1.1.1/scalajs-logging_2.13-1.1.1.jar:/Users/developer/Library/Caches/Coursier/v1/https/repo1.maven.org/maven2/io/github/alexarchambault/bleep/bloop-rifle_2.13/1.5.9-sc-1/bloop-rifle_2.13-1.5.9-sc-1.jar:/Users/developer/Library/Caches/Coursier/v1/https/repo1.maven.org/maven2/io/get-coursier/coursier-jvm_2.13/2.1.5/coursier-jvm_2.13-2.1.5.jar:/Users/developer/Library/Caches/Coursier/v1/https/repo1.maven.org/maven2/io/get-coursier/dependency_3/0.2.3/dependency_3-0.2.3.jar:/Users/developer/Library/Caches/Coursier/v1/https/repo1.maven.org/maven2/org/eclipse/jgit/org.eclipse.jgit/6.6.0.202305301015-r/org.eclipse.jgit-6.6.0.202305301015-r.jar:/Users/developer/Library/Caches/Coursier/v1/https/repo1.maven.org/maven2/org/scala-js/scalajs-env-jsdom-nodejs_2.13/1.1.0/scalajs-env-jsdom-nodejs_2.13-1.1.0.jar:/Users/developer/Library/Caches/Coursier/v1/https/repo1.maven.org/maven2/org/eclipse/lsp4j/org.eclipse.lsp4j.generator/0.20.1/org.eclipse.lsp4j.generator-0.20.1.jar:/Users/developer/Library/Caches/Coursier/v1/https/repo1.maven.org/maven2/org/eclipse/lsp4j/org.eclipse.lsp4j.jsonrpc/0.20.1/org.eclipse.lsp4j.jsonrpc-0.20.1.jar:/Users/developer/Library/Caches/Coursier/v1/https/repo1.maven.org/maven2/commons-logging/commons-logging/1.2/commons-logging-1.2.jar:/Users/developer/Library/Caches/Coursier/v1/https/repo1.maven.org/maven2/commons-codec/commons-codec/1.11/commons-codec-1.11.jar:/Users/developer/Library/Caches/Coursier/v1/https/repo1.maven.org/maven2/io/grpc/grpc-context/1.22.1/grpc-context-1.22.1.jar:/Users/developer/Library/Caches/Coursier/v1/https/repo1.maven.org/maven2/com/google/protobuf/protobuf-java/3.19.6/protobuf-java-3.19.6.jar:/Users/developer/Library/Caches/Coursier/v1/https/repo1.maven.org/maven2/org/scala-sbt/util-interface/1.3.0/util-interface-1.3.0.jar:/Users/developer/Library/Caches/Coursier/v1/https/repo1.maven.org/maven2/com/thesamet/scalapb/lenses_2.13/0.11.13/lenses_2.13-0.11.13.jar:/Users/developer/Library/Caches/Coursier/v1/https/repo1.maven.org/maven2/io/github/alexarchambault/libdaemon/libdaemon_2.13/0.0.11/libdaemon_2.13-0.0.11.jar:/Users/developer/Library/Caches/Coursier/v1/https/repo1.maven.org/maven2/io/github/alexarchambault/scala-cli/snailgun/snailgun-core_2.13/0.4.1-sc2/snailgun-core_2.13-0.4.1-sc2.jar:/Users/developer/Library/Caches/Coursier/v1/https/repo1.maven.org/maven2/com/github/alexarchambault/argonaut-shapeless_6.3_2.13/1.3.1/argonaut-shapeless_6.3_2.13-1.3.1.jar:/Users/developer/Library/Caches/Coursier/v1/https/repo1.maven.org/maven2/io/get-coursier/coursier_2.13/2.1.5/coursier_2.13-2.1.5.jar:/Users/developer/Library/Caches/Coursier/v1/https/repo1.maven.org/maven2/io/get-coursier/coursier-env_2.13/2.1.5/coursier-env_2.13-2.1.5.jar:/Users/developer/Library/Caches/Coursier/v1/https/repo1.maven.org/maven2/com/googlecode/javaewah/JavaEWAH/1.2.3/JavaEWAH-1.2.3.jar:/Users/developer/Library/Caches/Coursier/v1/https/repo1.maven.org/maven2/org/eclipse/xtend/org.eclipse.xtend.lib/2.28.0/org.eclipse.xtend.lib-2.28.0.jar:/Users/developer/Library/Caches/Coursier/v1/https/repo1.maven.org/maven2/com/google/code/gson/gson/2.10.1/gson-2.10.1.jar:/Users/developer/Library/Caches/Coursier/v1/https/repo1.maven.org/maven2/io/argonaut/argonaut_2.13/6.3.8/argonaut_2.13-6.3.8.jar:/Users/developer/Library/Caches/Coursier/v1/https/repo1.maven.org/maven2/com/chuusai/shapeless_2.13/2.3.9/shapeless_2.13-2.3.9.jar:/Users/developer/Library/Caches/Coursier/v1/https/repo1.maven.org/maven2/org/eclipse/xtext/org.eclipse.xtext.xbase.lib/2.28.0/org.eclipse.xtext.xbase.lib-2.28.0.jar:/Users/developer/Library/Caches/Coursier/v1/https/repo1.maven.org/maven2/org/eclipse/xtend/org.eclipse.xtend.lib.macro/2.28.0/org.eclipse.xtend.lib.macro-2.28.0.jar, scala.cli.ScalaCli, bsp, /Users/developer/scala-practice)
2023.10.02 22:24:27 INFO  tracing is disabled for protocol BSP, to enable tracing of incoming and outgoing JSON messages create an empty file at /Users/developer/scala-practice/.metals/bsp.trace.json or /Users/developer/Library/Caches/org.scalameta.metals/bsp.trace.json
2023.10.02 22:24:29 INFO  no build target found for /Users/developer/scala-practice/scala-test.scala. Using presentation compiler with project's scala-library version: 3.3.0
2023.10.02 22:24:31 INFO  time: code lens generation in 10s
2023.10.02 22:24:34 INFO  Connected to Scala CLI server v1.0.4
2023.10.02 22:24:35 INFO  compiling scala-practice_bd2c96d2de (1 scala source)
2023.10.02 22:24:37 INFO  time: compiled scala-practice_bd2c96d2de in 2.81s
2023.10.02 22:24:40 INFO  time: indexed workspace in 6.43s
2023.10.02 22:24:46 INFO  Scala CLI started for /Users/developer/scala-practice
2023.10.02 22:24:46 WARN  Build server is not auto-connectable.
2023.10.02 22:24:46 WARN  no build tool detected in workspace '/Users/developer/scala-practice'. The most common cause for this problem is that the editor was opened in the wrong working directory, for example if you use sbt then the workspace directory should contain build.sbt. 
Oct 02, 2023 10:29:27 PM org.eclipse.lsp4j.jsonrpc.RemoteEndpoint handleNotification
WARNING: Notification threw an exception: {
  "jsonrpc": "2.0",
  "method": "metals/didFocusTextDocument",
  "params": [
    "untitled:/Users/developer/scala-practice/integer-difference-calculator.scala"
  ]
}
java.lang.RuntimeException: java.lang.reflect.InvocationTargetException
	at org.eclipse.lsp4j.jsonrpc.services.GenericEndpoint.lambda$null$0(GenericEndpoint.java:67)
	at org.eclipse.lsp4j.jsonrpc.services.GenericEndpoint.notify(GenericEndpoint.java:152)
	at org.eclipse.lsp4j.jsonrpc.RemoteEndpoint.handleNotification(RemoteEndpoint.java:220)
	at org.eclipse.lsp4j.jsonrpc.RemoteEndpoint.consume(RemoteEndpoint.java:187)
	at org.eclipse.lsp4j.jsonrpc.json.StreamMessageProducer.handleMessage(StreamMessageProducer.java:194)
	at org.eclipse.lsp4j.jsonrpc.json.StreamMessageProducer.listen(StreamMessageProducer.java:94)
	at org.eclipse.lsp4j.jsonrpc.json.ConcurrentMessageProcessor.run(ConcurrentMessageProcessor.java:113)
	at java.base/java.util.concurrent.Executors$RunnableAdapter.call(Executors.java:515)
	at java.base/java.util.concurrent.FutureTask.run(FutureTask.java:264)
	at java.base/java.util.concurrent.ThreadPoolExecutor.runWorker(ThreadPoolExecutor.java:1130)
	at java.base/java.util.concurrent.ThreadPoolExecutor$Worker.run(ThreadPoolExecutor.java:630)
	at java.base/java.lang.Thread.run(Thread.java:831)
Caused by: java.lang.reflect.InvocationTargetException
	at java.base/jdk.internal.reflect.NativeMethodAccessorImpl.invoke0(Native Method)
	at java.base/jdk.internal.reflect.NativeMethodAccessorImpl.invoke(NativeMethodAccessorImpl.java:78)
	at java.base/jdk.internal.reflect.DelegatingMethodAccessorImpl.invoke(DelegatingMethodAccessorImpl.java:43)
	at java.base/java.lang.reflect.Method.invoke(Method.java:567)
	at org.eclipse.lsp4j.jsonrpc.services.GenericEndpoint.lambda$null$0(GenericEndpoint.java:65)
	... 11 more
Caused by: java.nio.file.FileSystemNotFoundException: Provider "untitled" not installed
	at java.base/java.nio.file.Path.of(Path.java:212)
	at java.base/java.nio.file.Paths.get(Paths.java:98)
	at scala.meta.internal.mtags.MtagsEnrichments$XtensionURIMtags.toAbsolutePath(MtagsEnrichments.scala:131)
	at scala.meta.internal.mtags.MtagsEnrichments$XtensionStringMtags.toAbsolutePath(MtagsEnrichments.scala:187)
	at scala.meta.internal.metals.MetalsEnrichments$XtensionString.toAbsolutePath(MetalsEnrichments.scala:631)
	at scala.meta.internal.metals.MetalsEnrichments$XtensionString.toAbsolutePath(MetalsEnrichments.scala:628)
	at scala.meta.internal.metals.WorkspaceLspService.didFocus(WorkspaceLspService.scala:604)
	at scala.meta.metals.lsp.DelegatingScalaService.didFocus(DelegatingScalaService.scala:43)
	... 16 more

2023.10.02 22:29:30 WARN  no build target for: /Users/developer/scala-practice/integer-difference-calculator.scala
2023.10.02 22:29:30 WARN  no build target for: /Users/developer/scala-practice/integer-difference-calculator.scala
2023.10.02 22:29:30 WARN  Could not find semantic tokens for: file:///Users/developer/scala-practice/integer-difference-calculator.scala
2023.10.02 22:29:31 INFO  compiling scala-practice_bd2c96d2de (1 scala source)
2023.10.02 22:29:30 WARN  Could not find semantic tokens for: file:///Users/developer/scala-practice/integer-difference-calculator.scala
2023.10.02 22:29:31 INFO  time: compiled scala-practice_bd2c96d2de in 0.54s
2023.10.02 22:29:35 INFO  time: indexed workspace in 4.21s
2023.10.02 22:29:43 WARN  Could not find semantic tokens for: file:///Users/developer/scala-practice/integer-difference-calculator.scala
2023.10.02 22:29:44 WARN  Could not find semantic tokens for: file:///Users/developer/scala-practice/integer-difference-calculator.scala
2023.10.02 22:29:44 WARN  Could not find semantic tokens for: file:///Users/developer/scala-practice/integer-difference-calculator.scala
2023.10.02 22:29:45 WARN  Could not find semantic tokens for: file:///Users/developer/scala-practice/integer-difference-calculator.scala
2023.10.02 22:29:45 WARN  Could not find semantic tokens for: file:///Users/developer/scala-practice/integer-difference-calculator.scala
2023.10.02 22:29:47 WARN  Could not find semantic tokens for: file:///Users/developer/scala-practice/integer-difference-calculator.scala
2023.10.02 22:29:47 WARN  Could not find semantic tokens for: file:///Users/developer/scala-practice/integer-difference-calculator.scala
2023.10.02 22:29:48 WARN  Could not find semantic tokens for: file:///Users/developer/scala-practice/integer-difference-calculator.scala
2023.10.02 22:29:49 WARN  Could not find semantic tokens for: file:///Users/developer/scala-practice/integer-difference-calculator.scala
2023.10.02 22:29:52 WARN  Could not find semantic tokens for: file:///Users/developer/scala-practice/integer-difference-calculator.scala
2023.10.02 22:29:54 WARN  Could not find semantic tokens for: file:///Users/developer/scala-practice/integer-difference-calculator.scala
2023.10.02 22:29:56 WARN  Could not find semantic tokens for: file:///Users/developer/scala-practice/integer-difference-calculator.scala
2023.10.02 22:29:58 INFO  compiling scala-practice_bd2c96d2de (1 scala source)
2023.10.02 22:29:58 INFO  time: compiled scala-practice_bd2c96d2de in 0.57s
2023.10.02 22:29:58 WARN  Could not find semantic tokens for: file:///Users/developer/scala-practice/integer-difference-calculator.scala
2023.10.02 22:30:13 WARN  Could not find semantic tokens for: file:///Users/developer/scala-practice/integer-difference-calculator.scala
2023.10.02 22:30:17 WARN  Could not find semantic tokens for: file:///Users/developer/scala-practice/integer-difference-calculator.scala
2023.10.02 22:30:18 WARN  Could not find semantic tokens for: file:///Users/developer/scala-practice/integer-difference-calculator.scala
2023.10.02 22:30:19 INFO  compiling scala-practice_bd2c96d2de (1 scala source)
2023.10.02 22:30:19 INFO  time: compiled scala-practice_bd2c96d2de in 0.42s
2023.10.02 22:30:19 WARN  Could not find semantic tokens for: file:///Users/developer/scala-practice/integer-difference-calculator.scala
2023.10.02 22:30:19 WARN  Could not find semantic tokens for: file:///Users/developer/scala-practice/integer-difference-calculator.scala
2023.10.02 22:30:21 WARN  Could not find semantic tokens for: file:///Users/developer/scala-practice/integer-difference-calculator.scala
2023.10.02 22:30:22 WARN  Could not find semantic tokens for: file:///Users/developer/scala-practice/integer-difference-calculator.scala
2023.10.02 22:30:24 WARN  Could not find semantic tokens for: file:///Users/developer/scala-practice/integer-difference-calculator.scala
2023.10.02 22:30:25 INFO  compiling scala-practice_bd2c96d2de (1 scala source)
2023.10.02 22:30:25 INFO  time: compiled scala-practice_bd2c96d2de in 0.39s
2023.10.02 22:30:24 WARN  Could not find semantic tokens for: file:///Users/developer/scala-practice/integer-difference-calculator.scala
2023.10.02 22:30:31 INFO  compiling scala-practice_bd2c96d2de (1 scala source)
2023.10.02 22:30:32 INFO  time: compiled scala-practice_bd2c96d2de in 1.81s
2023.10.02 22:33:34 INFO  compiling scala-practice_bd2c96d2de (2 scala sources)
2023.10.02 22:33:35 INFO  time: compiled scala-practice_bd2c96d2de in 1.01s
2023.10.02 22:33:47 WARN  Could not find semantic tokens for: file:///Users/developer/scala-practice/scala-test.scala
2023.10.02 22:33:49 WARN  Could not find semantic tokens for: file:///Users/developer/scala-practice/scala-test.scala
Oct 02, 2023 10:33:50 PM org.eclipse.lsp4j.jsonrpc.RemoteEndpoint fallbackResponseError
SEVERE: Internal error: java.lang.ArrayIndexOutOfBoundsException: Index 7 out of bounds for length 7
java.util.concurrent.CompletionException: java.lang.ArrayIndexOutOfBoundsException: Index 7 out of bounds for length 7
	at java.base/java.util.concurrent.CompletableFuture.encodeThrowable(CompletableFuture.java:331)
	at java.base/java.util.concurrent.CompletableFuture.completeThrowable(CompletableFuture.java:346)
	at java.base/java.util.concurrent.CompletableFuture$UniAccept.tryFire(CompletableFuture.java:704)
	at java.base/java.util.concurrent.CompletableFuture.postComplete(CompletableFuture.java:506)
	at java.base/java.util.concurrent.CompletableFuture.completeExceptionally(CompletableFuture.java:2158)
	at scala.meta.internal.metals.CancelTokens$.$anonfun$future$1(CancelTokens.scala:40)
	at scala.meta.internal.metals.CancelTokens$.$anonfun$future$1$adapted(CancelTokens.scala:38)
	at scala.concurrent.impl.Promise$Transformation.run(Promise.scala:484)
	at java.base/java.util.concurrent.ThreadPoolExecutor.runWorker(ThreadPoolExecutor.java:1130)
	at java.base/java.util.concurrent.ThreadPoolExecutor$Worker.run(ThreadPoolExecutor.java:630)
	at java.base/java.lang.Thread.run(Thread.java:831)
Caused by: java.lang.ArrayIndexOutOfBoundsException: Index 7 out of bounds for length 7
	at scala.meta.internal.metals.formatting.MultilineString.$anonfun$wasTripleQuoted$1(MultilineString.scala:268)
	at scala.collection.immutable.Range.foreach$mVc$sp(Range.scala:190)
	at scala.meta.internal.metals.formatting.MultilineString.wasTripleQuoted(MultilineString.scala:267)
	at scala.meta.internal.metals.formatting.MultilineString.contribute(MultilineString.scala:438)
	at scala.meta.internal.metals.formatting.OnTypeFormattingProvider.$anonfun$format$5(OnTypeFormattingProvider.scala:69)
	at scala.meta.internal.metals.MetalsEnrichments$XtensionList.loop$1(MetalsEnrichments.scala:250)
	at scala.meta.internal.metals.MetalsEnrichments$XtensionList.acceptFirst(MetalsEnrichments.scala:259)
	at scala.meta.internal.metals.formatting.OnTypeFormattingProvider.$anonfun$format$4(OnTypeFormattingProvider.scala:68)
	at scala.Option.map(Option.scala:242)
	at scala.meta.internal.metals.formatting.OnTypeFormattingProvider.$anonfun$format$3(OnTypeFormattingProvider.scala:56)
	at scala.Option.flatMap(Option.scala:283)
	at scala.meta.internal.metals.formatting.OnTypeFormattingProvider.$anonfun$format$2(OnTypeFormattingProvider.scala:55)
	at scala.Option.flatMap(Option.scala:283)
	at scala.meta.internal.metals.formatting.OnTypeFormattingProvider.format(OnTypeFormattingProvider.scala:53)
	at scala.meta.internal.metals.MetalsLspService.$anonfun$onTypeFormatting$1(MetalsLspService.scala:1396)
	at scala.meta.internal.metals.CancelTokens$.$anonfun$apply$2(CancelTokens.scala:26)
	at scala.concurrent.Future$.$anonfun$apply$1(Future.scala:687)
	at scala.concurrent.impl.Promise$Transformation.run(Promise.scala:467)
	... 3 more

2023.10.02 22:33:50 WARN  Could not find semantic tokens for: file:///Users/developer/scala-practice/scala-test.scala
2023.10.02 22:33:52 WARN  Could not find semantic tokens for: file:///Users/developer/scala-practice/scala-test.scala
2023.10.02 22:33:52 WARN  Could not find semantic tokens for: file:///Users/developer/scala-practice/scala-test.scala
2023.10.02 22:33:55 INFO  compiling scala-practice_bd2c96d2de (2 scala sources)
2023.10.02 22:33:56 INFO  time: compiled scala-practice_bd2c96d2de in 1.33s
2023.10.02 22:33:56 WARN  Could not find semantic tokens for: file:///Users/developer/scala-practice/scala-test.scala
2023.10.02 22:33:59 WARN  Could not find semantic tokens for: file:///Users/developer/scala-practice/scala-test.scala
2023.10.02 22:34:00 INFO  compiling scala-practice_bd2c96d2de (1 scala source)
2023.10.02 22:34:00 INFO  time: compiled scala-practice_bd2c96d2de in 0.39s
2023.10.02 22:34:01 WARN  Could not find semantic tokens for: file:///Users/developer/scala-practice/scala-test.scala
